  Application.cpp
C:\Users\jys20\OneDrive\바탕 화면\cpp\YSGE\Component.h(21,19): error C2061: 구문 오류: 식별자 'GameObject'
  Component.cpp
  (소스 파일 'Application.cpp'을(를) 컴파일하는 중)
  
C:\Users\jys20\OneDrive\바탕 화면\cpp\YSGE\Component.h(22,15): error C2143: 구문 오류: ';'이(가) '*' 앞에 없습니다.
  (소스 파일 'Application.cpp'을(를) 컴파일하는 중)
  
C:\Users\jys20\OneDrive\바탕 화면\cpp\YSGE\Component.h(22,5): error C4430: 형식 지정자가 없습니다. int로 가정합니다. 참고: C++에서는 기본 int를 지원하지 않습니다.
  (소스 파일 'Application.cpp'을(를) 컴파일하는 중)
  
C:\Users\jys20\OneDrive\바탕 화면\cpp\YSGE\Component.h(22,34): error C2334: '{' 앞에 예기치 않은 토큰이 있습니다. 명백한 함수 본문을 건너뜁니다.
  (소스 파일 'Application.cpp'을(를) 컴파일하는 중)
  
C:\Users\jys20\OneDrive\바탕 화면\cpp\YSGE\Component.h(26,15): error C2143: 구문 오류: ';'이(가) '*' 앞에 없습니다.
  (소스 파일 'Application.cpp'을(를) 컴파일하는 중)
  
C:\Users\jys20\OneDrive\바탕 화면\cpp\YSGE\Component.h(26,5): error C4430: 형식 지정자가 없습니다. int로 가정합니다. 참고: C++에서는 기본 int를 지원하지 않습니다.
  (소스 파일 'Application.cpp'을(를) 컴파일하는 중)
  
C:\Users\jys20\OneDrive\바탕 화면\cpp\YSGE\Component.h(26,23): error C2238: ';' 앞에 예기치 않은 토큰이 있습니다.
  (소스 파일 'Application.cpp'을(를) 컴파일하는 중)
  
C:\Users\jys20\OneDrive\바탕 화면\cpp\YSGE\Component.h(21,40): error C2065: 'mOwner': 선언되지 않은 식별자입니다.
  (소스 파일 'Application.cpp'을(를) 컴파일하는 중)
  
C:\Users\jys20\OneDrive\바탕 화면\cpp\YSGE\Component.h(21,49): error C2065: 'owner': 선언되지 않은 식별자입니다.
  (소스 파일 'Application.cpp'을(를) 컴파일하는 중)
  
C:\Users\jys20\OneDrive\바탕 화면\cpp\YSGE\Application.cpp(29,22): warning C4838: 'UINT'에서 'LONG'(으)로의 변환에는 축소 변환이 필요합니다.
C:\Users\jys20\OneDrive\바탕 화면\cpp\YSGE\Application.cpp(29,29): warning C4838: 'UINT'에서 'LONG'(으)로의 변환에는 축소 변환이 필요합니다.
C:\Users\jys20\OneDrive\바탕 화면\cpp\YSGE\GameObject.h(27,17): error C2065: 'Component': 선언되지 않은 식별자입니다.
  (소스 파일 'Component.cpp'을(를) 컴파일하는 중)
  
C:\Users\jys20\OneDrive\바탕 화면\cpp\YSGE\GameObject.h(27,27): error C2059: 구문 오류: '>'
  (소스 파일 'Component.cpp'을(를) 컴파일하는 중)
  
  Entity.cpp
  GameObject.cpp
C:\Users\jys20\OneDrive\바탕 화면\cpp\YSGE\Component.h(21,19): error C2061: 구문 오류: 식별자 'GameObject'
  (소스 파일 'GameObject.cpp'을(를) 컴파일하는 중)
  
C:\Users\jys20\OneDrive\바탕 화면\cpp\YSGE\Component.h(22,15): error C2143: 구문 오류: ';'이(가) '*' 앞에 없습니다.
  (소스 파일 'GameObject.cpp'을(를) 컴파일하는 중)
  
C:\Users\jys20\OneDrive\바탕 화면\cpp\YSGE\Component.h(22,5): error C4430: 형식 지정자가 없습니다. int로 가정합니다. 참고: C++에서는 기본 int를 지원하지 않습니다.
  (소스 파일 'GameObject.cpp'을(를) 컴파일하는 중)
  
C:\Users\jys20\OneDrive\바탕 화면\cpp\YSGE\Component.h(22,34): error C2334: '{' 앞에 예기치 않은 토큰이 있습니다. 명백한 함수 본문을 건너뜁니다.
  (소스 파일 'GameObject.cpp'을(를) 컴파일하는 중)
  
C:\Users\jys20\OneDrive\바탕 화면\cpp\YSGE\Component.h(26,15): error C2143: 구문 오류: ';'이(가) '*' 앞에 없습니다.
  (소스 파일 'GameObject.cpp'을(를) 컴파일하는 중)
  
C:\Users\jys20\OneDrive\바탕 화면\cpp\YSGE\Component.h(26,5): error C4430: 형식 지정자가 없습니다. int로 가정합니다. 참고: C++에서는 기본 int를 지원하지 않습니다.
  (소스 파일 'GameObject.cpp'을(를) 컴파일하는 중)
  
C:\Users\jys20\OneDrive\바탕 화면\cpp\YSGE\Component.h(26,23): error C2238: ';' 앞에 예기치 않은 토큰이 있습니다.
  (소스 파일 'GameObject.cpp'을(를) 컴파일하는 중)
  
C:\Users\jys20\OneDrive\바탕 화면\cpp\YSGE\Component.h(21,40): error C2065: 'mOwner': 선언되지 않은 식별자입니다.
  (소스 파일 'GameObject.cpp'을(를) 컴파일하는 중)
  
C:\Users\jys20\OneDrive\바탕 화면\cpp\YSGE\Component.h(21,49): error C2065: 'owner': 선언되지 않은 식별자입니다.
  (소스 파일 'GameObject.cpp'을(를) 컴파일하는 중)
  
  Input.cpp
  NewScene.cpp
C:\Users\jys20\OneDrive\바탕 화면\cpp\YSGE\Component.h(21,19): error C2061: 구문 오류: 식별자 'GameObject'
  (소스 파일 'NewScene.cpp'을(를) 컴파일하는 중)
  
C:\Users\jys20\OneDrive\바탕 화면\cpp\YSGE\Component.h(22,15): error C2143: 구문 오류: ';'이(가) '*' 앞에 없습니다.
  (소스 파일 'NewScene.cpp'을(를) 컴파일하는 중)
  
C:\Users\jys20\OneDrive\바탕 화면\cpp\YSGE\Component.h(22,5): error C4430: 형식 지정자가 없습니다. int로 가정합니다. 참고: C++에서는 기본 int를 지원하지 않습니다.
  (소스 파일 'NewScene.cpp'을(를) 컴파일하는 중)
  
C:\Users\jys20\OneDrive\바탕 화면\cpp\YSGE\Component.h(22,34): error C2334: '{' 앞에 예기치 않은 토큰이 있습니다. 명백한 함수 본문을 건너뜁니다.
  (소스 파일 'NewScene.cpp'을(를) 컴파일하는 중)
  
C:\Users\jys20\OneDrive\바탕 화면\cpp\YSGE\Component.h(26,15): error C2143: 구문 오류: ';'이(가) '*' 앞에 없습니다.
  (소스 파일 'NewScene.cpp'을(를) 컴파일하는 중)
  
C:\Users\jys20\OneDrive\바탕 화면\cpp\YSGE\Component.h(26,5): error C4430: 형식 지정자가 없습니다. int로 가정합니다. 참고: C++에서는 기본 int를 지원하지 않습니다.
  (소스 파일 'NewScene.cpp'을(를) 컴파일하는 중)
  
C:\Users\jys20\OneDrive\바탕 화면\cpp\YSGE\Component.h(26,23): error C2238: ';' 앞에 예기치 않은 토큰이 있습니다.
  (소스 파일 'NewScene.cpp'을(를) 컴파일하는 중)
  
C:\Users\jys20\OneDrive\바탕 화면\cpp\YSGE\Component.h(21,40): error C2065: 'mOwner': 선언되지 않은 식별자입니다.
  (소스 파일 'NewScene.cpp'을(를) 컴파일하는 중)
  
C:\Users\jys20\OneDrive\바탕 화면\cpp\YSGE\Component.h(21,49): error C2065: 'owner': 선언되지 않은 식별자입니다.
  (소스 파일 'NewScene.cpp'을(를) 컴파일하는 중)
  
  PlayScene.cpp
C:\Users\jys20\OneDrive\바탕 화면\cpp\YSGE\Component.h(21,19): error C2061: 구문 오류: 식별자 'GameObject'
  (소스 파일 'PlayScene.cpp'을(를) 컴파일하는 중)
  
C:\Users\jys20\OneDrive\바탕 화면\cpp\YSGE\Component.h(22,15): error C2143: 구문 오류: ';'이(가) '*' 앞에 없습니다.
  (소스 파일 'PlayScene.cpp'을(를) 컴파일하는 중)
  
C:\Users\jys20\OneDrive\바탕 화면\cpp\YSGE\Component.h(22,5): error C4430: 형식 지정자가 없습니다. int로 가정합니다. 참고: C++에서는 기본 int를 지원하지 않습니다.
  (소스 파일 'PlayScene.cpp'을(를) 컴파일하는 중)
  
C:\Users\jys20\OneDrive\바탕 화면\cpp\YSGE\Component.h(22,34): error C2334: '{' 앞에 예기치 않은 토큰이 있습니다. 명백한 함수 본문을 건너뜁니다.
  (소스 파일 'PlayScene.cpp'을(를) 컴파일하는 중)
  
C:\Users\jys20\OneDrive\바탕 화면\cpp\YSGE\Component.h(26,15): error C2143: 구문 오류: ';'이(가) '*' 앞에 없습니다.
  (소스 파일 'PlayScene.cpp'을(를) 컴파일하는 중)
  
C:\Users\jys20\OneDrive\바탕 화면\cpp\YSGE\Component.h(26,5): error C4430: 형식 지정자가 없습니다. int로 가정합니다. 참고: C++에서는 기본 int를 지원하지 않습니다.
  (소스 파일 'PlayScene.cpp'을(를) 컴파일하는 중)
  
C:\Users\jys20\OneDrive\바탕 화면\cpp\YSGE\Component.h(26,23): error C2238: ';' 앞에 예기치 않은 토큰이 있습니다.
  (소스 파일 'PlayScene.cpp'을(를) 컴파일하는 중)
  
C:\Users\jys20\OneDrive\바탕 화면\cpp\YSGE\Component.h(21,40): error C2065: 'mOwner': 선언되지 않은 식별자입니다.
  (소스 파일 'PlayScene.cpp'을(를) 컴파일하는 중)
  
C:\Users\jys20\OneDrive\바탕 화면\cpp\YSGE\Component.h(21,49): error C2065: 'owner': 선언되지 않은 식별자입니다.
  (소스 파일 'PlayScene.cpp'을(를) 컴파일하는 중)
  
  Scene.cpp
C:\Users\jys20\OneDrive\바탕 화면\cpp\YSGE\Component.h(21,19): error C2061: 구문 오류: 식별자 'GameObject'
  (소스 파일 'Scene.cpp'을(를) 컴파일하는 중)
  
C:\Users\jys20\OneDrive\바탕 화면\cpp\YSGE\Component.h(22,15): error C2143: 구문 오류: ';'이(가) '*' 앞에 없습니다.
  (소스 파일 'Scene.cpp'을(를) 컴파일하는 중)
  
C:\Users\jys20\OneDrive\바탕 화면\cpp\YSGE\Component.h(22,5): error C4430: 형식 지정자가 없습니다. int로 가정합니다. 참고: C++에서는 기본 int를 지원하지 않습니다.
  (소스 파일 'Scene.cpp'을(를) 컴파일하는 중)
  
C:\Users\jys20\OneDrive\바탕 화면\cpp\YSGE\Component.h(22,34): error C2334: '{' 앞에 예기치 않은 토큰이 있습니다. 명백한 함수 본문을 건너뜁니다.
  (소스 파일 'Scene.cpp'을(를) 컴파일하는 중)
  
C:\Users\jys20\OneDrive\바탕 화면\cpp\YSGE\Component.h(26,15): error C2143: 구문 오류: ';'이(가) '*' 앞에 없습니다.
  (소스 파일 'Scene.cpp'을(를) 컴파일하는 중)
  
C:\Users\jys20\OneDrive\바탕 화면\cpp\YSGE\Component.h(26,5): error C4430: 형식 지정자가 없습니다. int로 가정합니다. 참고: C++에서는 기본 int를 지원하지 않습니다.
  (소스 파일 'Scene.cpp'을(를) 컴파일하는 중)
  
C:\Users\jys20\OneDrive\바탕 화면\cpp\YSGE\Component.h(26,23): error C2238: ';' 앞에 예기치 않은 토큰이 있습니다.
  (소스 파일 'Scene.cpp'을(를) 컴파일하는 중)
  
C:\Users\jys20\OneDrive\바탕 화면\cpp\YSGE\Component.h(21,40): error C2065: 'mOwner': 선언되지 않은 식별자입니다.
  (소스 파일 'Scene.cpp'을(를) 컴파일하는 중)
  
C:\Users\jys20\OneDrive\바탕 화면\cpp\YSGE\Component.h(21,49): error C2065: 'owner': 선언되지 않은 식별자입니다.
  (소스 파일 'Scene.cpp'을(를) 컴파일하는 중)
  
  SceneManager.cpp
C:\Users\jys20\OneDrive\바탕 화면\cpp\YSGE\Component.h(21,19): error C2061: 구문 오류: 식별자 'GameObject'
  (소스 파일 'SceneManager.cpp'을(를) 컴파일하는 중)
  
C:\Users\jys20\OneDrive\바탕 화면\cpp\YSGE\Component.h(22,15): error C2143: 구문 오류: ';'이(가) '*' 앞에 없습니다.
  (소스 파일 'SceneManager.cpp'을(를) 컴파일하는 중)
  
C:\Users\jys20\OneDrive\바탕 화면\cpp\YSGE\Component.h(22,5): error C4430: 형식 지정자가 없습니다. int로 가정합니다. 참고: C++에서는 기본 int를 지원하지 않습니다.
  (소스 파일 'SceneManager.cpp'을(를) 컴파일하는 중)
  
C:\Users\jys20\OneDrive\바탕 화면\cpp\YSGE\Component.h(22,34): error C2334: '{' 앞에 예기치 않은 토큰이 있습니다. 명백한 함수 본문을 건너뜁니다.
  (소스 파일 'SceneManager.cpp'을(를) 컴파일하는 중)
  
C:\Users\jys20\OneDrive\바탕 화면\cpp\YSGE\Component.h(26,15): error C2143: 구문 오류: ';'이(가) '*' 앞에 없습니다.
  (소스 파일 'SceneManager.cpp'을(를) 컴파일하는 중)
  
C:\Users\jys20\OneDrive\바탕 화면\cpp\YSGE\Component.h(26,5): error C4430: 형식 지정자가 없습니다. int로 가정합니다. 참고: C++에서는 기본 int를 지원하지 않습니다.
  (소스 파일 'SceneManager.cpp'을(를) 컴파일하는 중)
  
C:\Users\jys20\OneDrive\바탕 화면\cpp\YSGE\Component.h(26,23): error C2238: ';' 앞에 예기치 않은 토큰이 있습니다.
  (소스 파일 'SceneManager.cpp'을(를) 컴파일하는 중)
  
C:\Users\jys20\OneDrive\바탕 화면\cpp\YSGE\Component.h(21,40): error C2065: 'mOwner': 선언되지 않은 식별자입니다.
  (소스 파일 'SceneManager.cpp'을(를) 컴파일하는 중)
  
C:\Users\jys20\OneDrive\바탕 화면\cpp\YSGE\Component.h(21,49): error C2065: 'owner': 선언되지 않은 식별자입니다.
  (소스 파일 'SceneManager.cpp'을(를) 컴파일하는 중)
  
  SpriteRenderer.cpp
C:\Users\jys20\OneDrive\바탕 화면\cpp\YSGE\GameObject.h(27,17): error C2065: 'Component': 선언되지 않은 식별자입니다.
  (소스 파일 'SpriteRenderer.cpp'을(를) 컴파일하는 중)
  
C:\Users\jys20\OneDrive\바탕 화면\cpp\YSGE\GameObject.h(27,27): error C2059: 구문 오류: '>'
  (소스 파일 'SpriteRenderer.cpp'을(를) 컴파일하는 중)
  
C:\Users\jys20\OneDrive\바탕 화면\cpp\YSGE\SpriteRenderer.cpp(30,49): warning C4244: '인수': 'float'에서 'INT'(으)로 변환하면서 데이터가 손실될 수 있습니다.
C:\Users\jys20\OneDrive\바탕 화면\cpp\YSGE\SpriteRenderer.cpp(30,46): warning C4244: '인수': 'float'에서 'INT'(으)로 변환하면서 데이터가 손실될 수 있습니다.
  YSGE.cpp
C:\Program Files (x86)\Windows Kits\10\Include\10.0.22621.0\um\GdiplusImaging.h(84,1): error C4430: 형식 지정자가 없습니다. int로 가정합니다. 참고: C++에서는 기본 int를 지원하지 않습니다.
  (소스 파일 'YSGE.cpp'을(를) 컴파일하는 중)
  
C:\Program Files (x86)\Windows Kits\10\Include\10.0.22621.0\um\GdiplusImaging.h(84,15): error C2440: '초기화 중': 'const char [37]'에서 'int'(으)로 변환할 수 없습니다.
  (소스 파일 'YSGE.cpp'을(를) 컴파일하는 중)
      C:\Program Files (x86)\Windows Kits\10\Include\10.0.22621.0\um\GdiplusImaging.h(84,15):
      이 변환이 가능한 컨텍스트가 없습니다.
  
C:\Program Files (x86)\Windows Kits\10\Include\10.0.22621.0\um\GdiplusImaging.h(85,1): error C2146: 구문 오류: ';'이(가) 'IImageBytes' 식별자 앞에 없습니다.
  (소스 파일 'YSGE.cpp'을(를) 컴파일하는 중)
  
C:\Program Files (x86)\Windows Kits\10\Include\10.0.22621.0\um\GdiplusImaging.h(85,15): error C2059: 구문 오류: 'public'
  (소스 파일 'YSGE.cpp'을(를) 컴파일하는 중)
  
C:\Program Files (x86)\Windows Kits\10\Include\10.0.22621.0\um\GdiplusImaging.h(86,1): error C2143: 구문 오류: ';'이(가) '{' 앞에 없습니다.
  (소스 파일 'YSGE.cpp'을(를) 컴파일하는 중)
  
C:\Program Files (x86)\Windows Kits\10\Include\10.0.22621.0\um\GdiplusImaging.h(86,1): error C2447: '{': 함수 헤더가 없습니다. 이전 스타일의 형식 목록입니까?
  (소스 파일 'YSGE.cpp'을(를) 컴파일하는 중)
  
C:\Program Files (x86)\Windows Kits\10\Include\10.0.22621.0\um\GdiplusImaging.h(291,13): error C3646: 'id': 알 수 없는 재정의 지정자입니다.
  (소스 파일 'YSGE.cpp'을(를) 컴파일하는 중)
  
C:\Program Files (x86)\Windows Kits\10\Include\10.0.22621.0\um\GdiplusImaging.h(291,5): error C4430: 형식 지정자가 없습니다. int로 가정합니다. 참고: C++에서는 기본 int를 지원하지 않습니다.
  (소스 파일 'YSGE.cpp'을(를) 컴파일하는 중)
  
C:\Program Files (x86)\Windows Kits\10\Include\10.0.22621.0\um\GdiplusHeaders.h(397,12): error C2061: 구문 오류: 식별자 'IStream'
  (소스 파일 'YSGE.cpp'을(를) 컴파일하는 중)
  
C:\Program Files (x86)\Windows Kits\10\Include\10.0.22621.0\um\GdiplusHeaders.h(407,12): error C2061: 구문 오류: 식별자 'IStream'
  (소스 파일 'YSGE.cpp'을(를) 컴파일하는 중)
  
C:\Program Files (x86)\Windows Kits\10\Include\10.0.22621.0\um\GdiplusHeaders.h(417,20): error C2061: 구문 오류: 식별자 'IStream'
  (소스 파일 'YSGE.cpp'을(를) 컴파일하는 중)
  
C:\Program Files (x86)\Windows Kits\10\Include\10.0.22621.0\um\GdiplusHeaders.h(455,34): error C2061: 구문 오류: 식별자 'PROPID'
  (소스 파일 'YSGE.cpp'을(를) 컴파일하는 중)
  
C:\Program Files (x86)\Windows Kits\10\Include\10.0.22621.0\um\GdiplusHeaders.h(456,33): error C2061: 구문 오류: 식별자 'PROPID'
  (소스 파일 'YSGE.cpp'을(를) 컴파일하는 중)
  
C:\Program Files (x86)\Windows Kits\10\Include\10.0.22621.0\um\GdiplusHeaders.h(457,31): error C2061: 구문 오류: 식별자 'PROPID'
  (소스 파일 'YSGE.cpp'을(를) 컴파일하는 중)
  
C:\Program Files (x86)\Windows Kits\10\Include\10.0.22621.0\um\GdiplusHeaders.h(465,34): error C2061: 구문 오류: 식별자 'PROPID'
  (소스 파일 'YSGE.cpp'을(를) 컴파일하는 중)
  
C:\Program Files (x86)\Windows Kits\10\Include\10.0.22621.0\um\GdiplusHeaders.h(483,5): error C2535: 'Gdiplus::Image::Image(void)': 멤버 함수를 이미 정의했거나 선언했습니다.
  (소스 파일 'YSGE.cpp'을(를) 컴파일하는 중)
      C:\Program Files (x86)\Windows Kits\10\Include\10.0.22621.0\um\GdiplusHeaders.h(396,5):
      'Gdiplus::Image::Image' 선언을 참조하십시오.
  
C:\Program Files (x86)\Windows Kits\10\Include\10.0.22621.0\um\GdiplusHeaders.h(519,12): error C2061: 구문 오류: 식별자 'IStream'
  (소스 파일 'YSGE.cpp'을(를) 컴파일하는 중)
  
C:\Program Files (x86)\Windows Kits\10\Include\10.0.22621.0\um\GdiplusHeaders.h(529,12): error C2061: 구문 오류: 식별자 'IStream'
  (소스 파일 'YSGE.cpp'을(를) 컴파일하는 중)
  
C:\Program Files (x86)\Windows Kits\10\Include\10.0.22621.0\um\GdiplusHeaders.h(773,17): error C2061: 구문 오류: 식별자 'IStream'
  (소스 파일 'YSGE.cpp'을(를) 컴파일하는 중)
  
C:\Program Files (x86)\Windows Kits\10\Include\10.0.22621.0\um\GdiplusHeaders.h(829,12): error C2061: 구문 오류: 식별자 'IStream'
  (소스 파일 'YSGE.cpp'을(를) 컴파일하는 중)
  
C:\Program Files (x86)\Windows Kits\10\Include\10.0.22621.0\um\GdiplusHeaders.h(828,5): error C2535: 'Gdiplus::Metafile::Metafile(void)': 멤버 함수를 이미 정의했거나 선언했습니다.
  (소스 파일 'YSGE.cpp'을(를) 컴파일하는 중)
      C:\Program Files (x86)\Windows Kits\10\Include\10.0.22621.0\um\GdiplusHeaders.h(773,5):
      'Gdiplus::Metafile::Metafile' 선언을 참조하십시오.
  
C:\Program Files (x86)\Windows Kits\10\Include\10.0.22621.0\um\GdiplusHeaders.h(836,12): error C2061: 구문 오류: 식별자 'IStream'
  (소스 파일 'YSGE.cpp'을(를) 컴파일하는 중)
  
C:\Program Files (x86)\Windows Kits\10\Include\10.0.22621.0\um\GdiplusHeaders.h(835,5): error C2535: 'Gdiplus::Metafile::Metafile(void)': 멤버 함수를 이미 정의했거나 선언했습니다.
  (소스 파일 'YSGE.cpp'을(를) 컴파일하는 중)
      C:\Program Files (x86)\Windows Kits\10\Include\10.0.22621.0\um\GdiplusHeaders.h(773,5):
      'Gdiplus::Metafile::Metafile' 선언을 참조하십시오.
  
C:\Program Files (x86)\Windows Kits\10\Include\10.0.22621.0\um\GdiplusHeaders.h(845,12): error C2061: 구문 오류: 식별자 'IStream'
  (소스 파일 'YSGE.cpp'을(를) 컴파일하는 중)
  
C:\Program Files (x86)\Windows Kits\10\Include\10.0.22621.0\um\GdiplusHeaders.h(844,5): error C2535: 'Gdiplus::Metafile::Metafile(void)': 멤버 함수를 이미 정의했거나 선언했습니다.
  (소스 파일 'YSGE.cpp'을(를) 컴파일하는 중)
      C:\Program Files (x86)\Windows Kits\10\Include\10.0.22621.0\um\GdiplusHeaders.h(773,5):
      'Gdiplus::Metafile::Metafile' 선언을 참조하십시오.
  
C:\Program Files (x86)\Windows Kits\10\Include\10.0.22621.0\um\GdiplusHeaders.h(870,12): error C2061: 구문 오류: 식별자 'IStream'
  (소스 파일 'YSGE.cpp'을(를) 컴파일하는 중)
  
C:\Program Files (x86)\Windows Kits\10\Include\10.0.22621.0\um\GdiplusHeaders.h(938,5): error C2535: 'Gdiplus::Metafile::Metafile(void)': 멤버 함수를 이미 정의했거나 선언했습니다.
  (소스 파일 'YSGE.cpp'을(를) 컴파일하는 중)
      C:\Program Files (x86)\Windows Kits\10\Include\10.0.22621.0\um\GdiplusHeaders.h(773,5):
      'Gdiplus::Metafile::Metafile' 선언을 참조하십시오.
  
C:\Program Files (x86)\Windows Kits\10\Include\10.0.22621.0\um\GdiplusFlat.h(1145,1): warning C4229: 오래된 구문을 사용했습니다. 데이터의 한정자가 무시됩니다.
  (소스 파일 'YSGE.cpp'을(를) 컴파일하는 중)
  
C:\Program Files (x86)\Windows Kits\10\Include\10.0.22621.0\um\GdiplusFlat.h(1145,25): error C2065: 'IStream': 선언되지 않은 식별자입니다.
  (소스 파일 'YSGE.cpp'을(를) 컴파일하는 중)
  
C:\Program Files (x86)\Windows Kits\10\Include\10.0.22621.0\um\GdiplusFlat.h(1145,34): error C2065: 'stream': 선언되지 않은 식별자입니다.
  (소스 파일 'YSGE.cpp'을(를) 컴파일하는 중)
  
C:\Program Files (x86)\Windows Kits\10\Include\10.0.22621.0\um\GdiplusFlat.h(1145,52): error C2065: 'image': 선언되지 않은 식별자입니다.
  (소스 파일 'YSGE.cpp'을(를) 컴파일하는 중)
  
C:\Program Files (x86)\Windows Kits\10\Include\10.0.22621.0\um\GdiplusFlat.h(1145,42): error C2275: 'Gdiplus::GpImage': 형식 대신 식이 필요합니다.
  (소스 파일 'YSGE.cpp'을(를) 컴파일하는 중)
  
C:\Program Files (x86)\Windows Kits\10\Include\10.0.22621.0\um\GdiplusFlat.h(1151,1): warning C4229: 오래된 구문을 사용했습니다. 데이터의 한정자가 무시됩니다.
  (소스 파일 'YSGE.cpp'을(를) 컴파일하는 중)
  
C:\Program Files (x86)\Windows Kits\10\Include\10.0.22621.0\um\GdiplusFlat.h(1151,28): error C2065: 'IStream': 선언되지 않은 식별자입니다.
  (소스 파일 'YSGE.cpp'을(를) 컴파일하는 중)
  
C:\Program Files (x86)\Windows Kits\10\Include\10.0.22621.0\um\GdiplusFlat.h(1151,37): error C2065: 'stream': 선언되지 않은 식별자입니다.
  (소스 파일 'YSGE.cpp'을(를) 컴파일하는 중)
  
C:\Program Files (x86)\Windows Kits\10\Include\10.0.22621.0\um\GdiplusFlat.h(1151,55): error C2065: 'image': 선언되지 않은 식별자입니다.
  (소스 파일 'YSGE.cpp'을(를) 컴파일하는 중)
  
C:\Program Files (x86)\Windows Kits\10\Include\10.0.22621.0\um\GdiplusFlat.h(1151,45): error C2275: 'Gdiplus::GpImage': 형식 대신 식이 필요합니다.
  (소스 파일 'YSGE.cpp'을(를) 컴파일하는 중)
  
C:\Program Files (x86)\Windows Kits\10\Include\10.0.22621.0\um\GdiplusFlat.h(1168,39): error C2061: 구문 오류: 식별자 'IStream'
  (소스 파일 'YSGE.cpp'을(를) 컴파일하는 중)
  
C:\Program Files (x86)\Windows Kits\10\Include\10.0.22621.0\um\GdiplusFlat.h(1256,59): error C2061: 구문 오류: 식별자 'PROPID'
  (소스 파일 'YSGE.cpp'을(를) 컴파일하는 중)
  
C:\Program Files (x86)\Windows Kits\10\Include\10.0.22621.0\um\GdiplusFlat.h(1259,41): error C2061: 구문 오류: 식별자 'PROPID'
  (소스 파일 'YSGE.cpp'을(를) 컴파일하는 중)
  
C:\Program Files (x86)\Windows Kits\10\Include\10.0.22621.0\um\GdiplusFlat.h(1262,37): error C2061: 구문 오류: 식별자 'PROPID'
  (소스 파일 'YSGE.cpp'을(를) 컴파일하는 중)
  
C:\Program Files (x86)\Windows Kits\10\Include\10.0.22621.0\um\GdiplusFlat.h(1274,40): error C2061: 구문 오류: 식별자 'PROPID'
  (소스 파일 'YSGE.cpp'을(를) 컴파일하는 중)
  
C:\Program Files (x86)\Windows Kits\10\Include\10.0.22621.0\um\GdiplusFlat.h(1298,1): warning C4229: 오래된 구문을 사용했습니다. 데이터의 한정자가 무시됩니다.
  (소스 파일 'YSGE.cpp'을(를) 컴파일하는 중)
  
C:\Program Files (x86)\Windows Kits\10\Include\10.0.22621.0\um\GdiplusFlat.h(1298,28): error C2065: 'IStream': 선언되지 않은 식별자입니다.
  (소스 파일 'YSGE.cpp'을(를) 컴파일하는 중)
  
C:\Program Files (x86)\Windows Kits\10\Include\10.0.22621.0\um\GdiplusFlat.h(1298,37): error C2065: 'stream': 선언되지 않은 식별자입니다.
  (소스 파일 'YSGE.cpp'을(를) 컴파일하는 중)
  
C:\Program Files (x86)\Windows Kits\10\Include\10.0.22621.0\um\GdiplusFlat.h(1298,56): error C2065: 'bitmap': 선언되지 않은 식별자입니다.
  (소스 파일 'YSGE.cpp'을(를) 컴파일하는 중)
  
C:\Program Files (x86)\Windows Kits\10\Include\10.0.22621.0\um\GdiplusFlat.h(1298,45): error C2275: 'Gdiplus::GpBitmap': 형식 대신 식이 필요합니다.
  (소스 파일 'YSGE.cpp'을(를) 컴파일하는 중)
  
C:\Program Files (x86)\Windows Kits\10\Include\10.0.22621.0\um\GdiplusFlat.h(1304,1): warning C4229: 오래된 구문을 사용했습니다. 데이터의 한정자가 무시됩니다.
  (소스 파일 'YSGE.cpp'을(를) 컴파일하는 중)
  
C:\Program Files (x86)\Windows Kits\10\Include\10.0.22621.0\um\GdiplusFlat.h(1304,31): error C2065: 'IStream': 선언되지 않은 식별자입니다.
  (소스 파일 'YSGE.cpp'을(를) 컴파일하는 중)
  
C:\Program Files (x86)\Windows Kits\10\Include\10.0.22621.0\um\GdiplusFlat.h(1304,40): error C2065: 'stream': 선언되지 않은 식별자입니다.
  (소스 파일 'YSGE.cpp'을(를) 컴파일하는 중)
  
C:\Program Files (x86)\Windows Kits\10\Include\10.0.22621.0\um\GdiplusFlat.h(1304,59): error C2065: 'bitmap': 선언되지 않은 식별자입니다.
  (소스 파일 'YSGE.cpp'을(를) 컴파일하는 중)
  
C:\Program Files (x86)\Windows Kits\10\Include\10.0.22621.0\um\GdiplusFlat.h(1304,48): error C2275: 'Gdiplus::GpBitmap': 형식 대신 식이 필요합니다.
  (소스 파일 'YSGE.cpp'을(를) 컴파일하는 중)
  
C:\Program Files (x86)\Windows Kits\10\Include\10.0.22621.0\um\GdiplusFlat.h(2234,1): warning C4229: 오래된 구문을 사용했습니다. 데이터의 한정자가 무시됩니다.
  (소스 파일 'YSGE.cpp'을(를) 컴파일하는 중)
  
C:\Program Files (x86)\Windows Kits\10\Include\10.0.22621.0\um\GdiplusFlat.h(2235,5): error C2065: 'IStream': 선언되지 않은 식별자입니다.
  (소스 파일 'YSGE.cpp'을(를) 컴파일하는 중)
  
C:\Program Files (x86)\Windows Kits\10\Include\10.0.22621.0\um\GdiplusFlat.h(2235,25): error C2065: 'stream': 선언되지 않은 식별자입니다.
  (소스 파일 'YSGE.cpp'을(를) 컴파일하는 중)
  
C:\Program Files (x86)\Windows Kits\10\Include\10.0.22621.0\um\GdiplusFlat.h(2236,25): error C2065: 'header': 선언되지 않은 식별자입니다.
  (소스 파일 'YSGE.cpp'을(를) 컴파일하는 중)
  
C:\Program Files (x86)\Windows Kits\10\Include\10.0.22621.0\um\GdiplusFlat.h(2236,5): error C2275: 'Gdiplus::MetafileHeader': 형식 대신 식이 필요합니다.
  (소스 파일 'YSGE.cpp'을(를) 컴파일하는 중)
  
C:\Program Files (x86)\Windows Kits\10\Include\10.0.22621.0\um\GdiplusFlat.h(2255,24): error C2061: 구문 오류: 식별자 'IStream'
  (소스 파일 'YSGE.cpp'을(를) 컴파일하는 중)
  
C:\Program Files (x86)\Windows Kits\10\Include\10.0.22621.0\um\GdiplusFlat.h(2275,1): warning C4229: 오래된 구문을 사용했습니다. 데이터의 한정자가 무시됩니다.
  (소스 파일 'YSGE.cpp'을(를) 컴파일하는 중)
  
C:\Program Files (x86)\Windows Kits\10\Include\10.0.22621.0\um\GdiplusFlat.h(2275,30): error C2065: 'IStream': 선언되지 않은 식별자입니다.
  (소스 파일 'YSGE.cpp'을(를) 컴파일하는 중)
  
C:\Program Files (x86)\Windows Kits\10\Include\10.0.22621.0\um\GdiplusFlat.h(2275,40): error C2065: 'stream': 선언되지 않은 식별자입니다.
  (소스 파일 'YSGE.cpp'을(를) 컴파일하는 중)
  
C:\Program Files (x86)\Windows Kits\10\Include\10.0.22621.0\um\GdiplusFlat.h(2275,61): error C2065: 'metafile': 선언되지 않은 식별자입니다.
  (소스 파일 'YSGE.cpp'을(를) 컴파일하는 중)
  
C:\Program Files (x86)\Windows Kits\10\Include\10.0.22621.0\um\GdiplusFlat.h(2275,48): error C2275: 'Gdiplus::GpMetafile': 형식 대신 식이 필요합니다.
  (소스 파일 'YSGE.cpp'을(를) 컴파일하는 중)
  
C:\Program Files (x86)\Windows Kits\10\Include\10.0.22621.0\um\GdiplusFlat.h(2321,1): warning C4229: 오래된 구문을 사용했습니다. 데이터의 한정자가 무시됩니다.
  (소스 파일 'YSGE.cpp'을(를) 컴파일하는 중)
  
C:\Program Files (x86)\Windows Kits\10\Include\10.0.22621.0\um\GdiplusFlat.h(2322,5): error C2065: 'IStream': 선언되지 않은 식별자입니다.
  (소스 파일 'YSGE.cpp'을(를) 컴파일하는 중)
  
C:\Program Files (x86)\Windows Kits\10\Include\10.0.22621.0\um\GdiplusFlat.h(2322,25): error C2065: 'stream': 선언되지 않은 식별자입니다.
  (소스 파일 'YSGE.cpp'을(를) 컴파일하는 중)
  
C:\Program Files (x86)\Windows Kits\10\Include\10.0.22621.0\um\GdiplusFlat.h(2323,5): error C2275: 'HDC': 형식 대신 식이 필요합니다.
  (소스 파일 'YSGE.cpp'을(를) 컴파일하는 중)
  
C:\Program Files (x86)\Windows Kits\10\Include\10.0.22621.0\um\GdiplusFlat.h(2323,25): error C2146: 구문 오류: ')'이(가) 'referenceHdc' 식별자 앞에 없습니다.
  (소스 파일 'YSGE.cpp'을(를) 컴파일하는 중)
  
C:\Program Files (x86)\Windows Kits\10\Include\10.0.22621.0\um\GdiplusFlat.h(2332,1): warning C4229: 오래된 구문을 사용했습니다. 데이터의 한정자가 무시됩니다.
  (소스 파일 'YSGE.cpp'을(를) 컴파일하는 중)
  
C:\Program Files (x86)\Windows Kits\10\Include\10.0.22621.0\um\GdiplusFlat.h(2333,5): error C2065: 'IStream': 선언되지 않은 식별자입니다.
  (소스 파일 'YSGE.cpp'을(를) 컴파일하는 중)
  
C:\Program Files (x86)\Windows Kits\10\Include\10.0.22621.0\um\GdiplusFlat.h(2333,25): error C2065: 'stream': 선언되지 않은 식별자입니다.
  (소스 파일 'YSGE.cpp'을(를) 컴파일하는 중)
  
C:\Program Files (x86)\Windows Kits\10\Include\10.0.22621.0\um\GdiplusFlat.h(2334,5): error C2275: 'HDC': 형식 대신 식이 필요합니다.
  (소스 파일 'YSGE.cpp'을(를) 컴파일하는 중)
  
C:\Program Files (x86)\Windows Kits\10\Include\10.0.22621.0\um\GdiplusFlat.h(2334,25): error C2146: 구문 오류: ')'이(가) 'referenceHdc' 식별자 앞에 없습니다.
  (소스 파일 'YSGE.cpp'을(를) 컴파일하는 중)
  
C:\Program Files (x86)\Windows Kits\10\Include\10.0.22621.0\um\GdiplusPath.h(145,35): error C2061: 구문 오류: 식별자 'byte'
  (소스 파일 'YSGE.cpp'을(를) 컴파일하는 중)
  
C:\Program Files (x86)\Windows Kits\10\Include\10.0.22621.0\um\GdiplusMetafile.h(80,11): error C7550: 'Gdiplus::Metafile::{ctor}': 이 컨텍스트의 정규화된 이름이 형식이 아니라 생성자의 이름을 지정합니다.
  (소스 파일 'YSGE.cpp'을(를) 컴파일하는 중)
  
C:\Program Files (x86)\Windows Kits\10\Include\10.0.22621.0\um\GdiplusMetafile.h(80,23): error C2065: 'IStream': 선언되지 않은 식별자입니다.
  (소스 파일 'YSGE.cpp'을(를) 컴파일하는 중)
  
C:\Program Files (x86)\Windows Kits\10\Include\10.0.22621.0\um\GdiplusMetafile.h(80,32): error C2065: 'stream': 선언되지 않은 식별자입니다.
  (소스 파일 'YSGE.cpp'을(를) 컴파일하는 중)
  
C:\Program Files (x86)\Windows Kits\10\Include\10.0.22621.0\um\GdiplusMetafile.h(81,1): error C2143: 구문 오류: ';'이(가) '{' 앞에 없습니다.
  (소스 파일 'YSGE.cpp'을(를) 컴파일하는 중)
  
C:\Program Files (x86)\Windows Kits\10\Include\10.0.22621.0\um\GdiplusMetafile.h(81,1): error C2447: '{': 함수 헤더가 없습니다. 이전 스타일의 형식 목록입니까?
  (소스 파일 'YSGE.cpp'을(를) 컴파일하는 중)
  
C:\Program Files (x86)\Windows Kits\10\Include\10.0.22621.0\um\GdiplusMetafile.h(198,11): error C7550: 'Gdiplus::Metafile::{ctor}': 이 컨텍스트의 정규화된 이름이 형식이 아니라 생성자의 이름을 지정합니다.
  (소스 파일 'YSGE.cpp'을(를) 컴파일하는 중)
  
C:\Program Files (x86)\Windows Kits\10\Include\10.0.22621.0\um\GdiplusMetafile.h(199,8): error C2065: 'IStream': 선언되지 않은 식별자입니다.
  (소스 파일 'YSGE.cpp'을(를) 컴파일하는 중)
  
C:\Program Files (x86)\Windows Kits\10\Include\10.0.22621.0\um\GdiplusMetafile.h(199,28): error C2065: 'stream': 선언되지 않은 식별자입니다.
  (소스 파일 'YSGE.cpp'을(를) 컴파일하는 중)
  
C:\Program Files (x86)\Windows Kits\10\Include\10.0.22621.0\um\GdiplusMetafile.h(200,8): error C2275: 'HDC': 형식 대신 식이 필요합니다.
  (소스 파일 'YSGE.cpp'을(를) 컴파일하는 중)
  
C:\Program Files (x86)\Windows Kits\10\Include\10.0.22621.0\um\GdiplusMetafile.h(200,28): error C2146: 구문 오류: ')'이(가) 'referenceHdc' 식별자 앞에 없습니다.
  (소스 파일 'YSGE.cpp'을(를) 컴파일하는 중)
  
C:\Program Files (x86)\Windows Kits\10\Include\10.0.22621.0\um\GdiplusMetafile.h(204,1): error C2143: 구문 오류: ';'이(가) '{' 앞에 없습니다.
  (소스 파일 'YSGE.cpp'을(를) 컴파일하는 중)
  
C:\Program Files (x86)\Windows Kits\10\Include\10.0.22621.0\um\GdiplusMetafile.h(204,1): error C2447: '{': 함수 헤더가 없습니다. 이전 스타일의 형식 목록입니까?
  (소스 파일 'YSGE.cpp'을(를) 컴파일하는 중)
  
C:\Program Files (x86)\Windows Kits\10\Include\10.0.22621.0\um\GdiplusMetafile.h(215,11): error C7550: 'Gdiplus::Metafile::{ctor}': 이 컨텍스트의 정규화된 이름이 형식이 아니라 생성자의 이름을 지정합니다.
  (소스 파일 'YSGE.cpp'을(를) 컴파일하는 중)
  
C:\Program Files (x86)\Windows Kits\10\Include\10.0.22621.0\um\GdiplusMetafile.h(216,8): error C2065: 'IStream': 선언되지 않은 식별자입니다.
  (소스 파일 'YSGE.cpp'을(를) 컴파일하는 중)
  
C:\Program Files (x86)\Windows Kits\10\Include\10.0.22621.0\um\GdiplusMetafile.h(216,28): error C2065: 'stream': 선언되지 않은 식별자입니다.
  (소스 파일 'YSGE.cpp'을(를) 컴파일하는 중)
  
C:\Program Files (x86)\Windows Kits\10\Include\10.0.22621.0\um\GdiplusMetafile.h(217,8): error C2275: 'HDC': 형식 대신 식이 필요합니다.
  (소스 파일 'YSGE.cpp'을(를) 컴파일하는 중)
  
C:\Program Files (x86)\Windows Kits\10\Include\10.0.22621.0\um\GdiplusMetafile.h(217,28): error C2146: 구문 오류: ')'이(가) 'referenceHdc' 식별자 앞에 없습니다.
  (소스 파일 'YSGE.cpp'을(를) 컴파일하는 중)
  
C:\Program Files (x86)\Windows Kits\10\Include\10.0.22621.0\um\GdiplusMetafile.h(223,1): error C2143: 구문 오류: ';'이(가) '{' 앞에 없습니다.
  (소스 파일 'YSGE.cpp'을(를) 컴파일하는 중)
  
C:\Program Files (x86)\Windows Kits\10\Include\10.0.22621.0\um\GdiplusMetafile.h(223,1): error C2447: '{': 함수 헤더가 없습니다. 이전 스타일의 형식 목록입니까?
  (소스 파일 'YSGE.cpp'을(를) 컴파일하는 중)
  
C:\Program Files (x86)\Windows Kits\10\Include\10.0.22621.0\um\GdiplusMetafile.h(234,11): error C7550: 'Gdiplus::Metafile::{ctor}': 이 컨텍스트의 정규화된 이름이 형식이 아니라 생성자의 이름을 지정합니다.
  (소스 파일 'YSGE.cpp'을(를) 컴파일하는 중)
  
C:\Program Files (x86)\Windows Kits\10\Include\10.0.22621.0\um\GdiplusMetafile.h(235,8): error C2065: 'IStream': 선언되지 않은 식별자입니다.
  (소스 파일 'YSGE.cpp'을(를) 컴파일하는 중)
  
C:\Program Files (x86)\Windows Kits\10\Include\10.0.22621.0\um\GdiplusMetafile.h(235,28): error C2065: 'stream': 선언되지 않은 식별자입니다.
  (소스 파일 'YSGE.cpp'을(를) 컴파일하는 중)
  
C:\Program Files (x86)\Windows Kits\10\Include\10.0.22621.0\um\GdiplusMetafile.h(236,8): error C2275: 'HDC': 형식 대신 식이 필요합니다.
  (소스 파일 'YSGE.cpp'을(를) 컴파일하는 중)
  
C:\Program Files (x86)\Windows Kits\10\Include\10.0.22621.0\um\GdiplusMetafile.h(236,28): error C2146: 구문 오류: ')'이(가) 'referenceHdc' 식별자 앞에 없습니다.
  (소스 파일 'YSGE.cpp'을(를) 컴파일하는 중)
  
C:\Program Files (x86)\Windows Kits\10\Include\10.0.22621.0\um\GdiplusMetafile.h(242,1): error C2143: 구문 오류: ';'이(가) '{' 앞에 없습니다.
  (소스 파일 'YSGE.cpp'을(를) 컴파일하는 중)
  
C:\Program Files (x86)\Windows Kits\10\Include\10.0.22621.0\um\GdiplusMetafile.h(242,1): error C2447: '{': 함수 헤더가 없습니다. 이전 스타일의 형식 목록입니까?
  (소스 파일 'YSGE.cpp'을(를) 컴파일하는 중)
  
C:\Program Files (x86)\Windows Kits\10\Include\10.0.22621.0\um\GdiplusMetafile.h(283,11): error C2761: 'GetMetafileHeader': 멤버를 재선언할 수 없습니다.
  (소스 파일 'YSGE.cpp'을(를) 컴파일하는 중)
  
C:\Program Files (x86)\Windows Kits\10\Include\10.0.22621.0\um\GdiplusMetafile.h(284,8): error C2065: 'IStream': 선언되지 않은 식별자입니다.
  (소스 파일 'YSGE.cpp'을(를) 컴파일하는 중)
  
C:\Program Files (x86)\Windows Kits\10\Include\10.0.22621.0\um\GdiplusMetafile.h(284,28): error C2065: 'stream': 선언되지 않은 식별자입니다.
  (소스 파일 'YSGE.cpp'을(를) 컴파일하는 중)
  
C:\Program Files (x86)\Windows Kits\10\Include\10.0.22621.0\um\GdiplusMetafile.h(285,28): error C2065: 'header': 선언되지 않은 식별자입니다.
  (소스 파일 'YSGE.cpp'을(를) 컴파일하는 중)
  
C:\Program Files (x86)\Windows Kits\10\Include\10.0.22621.0\um\GdiplusMetafile.h(285,9): error C2275: 'Gdiplus::MetafileHeader': 형식 대신 식이 필요합니다.
  (소스 파일 'YSGE.cpp'을(를) 컴파일하는 중)
  
C:\Program Files (x86)\Windows Kits\10\Include\10.0.22621.0\um\GdiplusMetafile.h(287,1): error C2143: 구문 오류: ';'이(가) '{' 앞에 없습니다.
  (소스 파일 'YSGE.cpp'을(를) 컴파일하는 중)
  
C:\Program Files (x86)\Windows Kits\10\Include\10.0.22621.0\um\GdiplusMetafile.h(287,1): error C2447: '{': 함수 헤더가 없습니다. 이전 스타일의 형식 목록입니까?
  (소스 파일 'YSGE.cpp'을(를) 컴파일하는 중)
  
C:\Program Files (x86)\Windows Kits\10\Include\10.0.22621.0\um\GdiplusBitmap.h(49,8): error C7550: 'Gdiplus::Image::{ctor}': 이 컨텍스트의 정규화된 이름이 형식이 아니라 생성자의 이름을 지정합니다.
  (소스 파일 'YSGE.cpp'을(를) 컴파일하는 중)
  
C:\Program Files (x86)\Windows Kits\10\Include\10.0.22621.0\um\GdiplusBitmap.h(50,8): error C2065: 'IStream': 선언되지 않은 식별자입니다.
  (소스 파일 'YSGE.cpp'을(를) 컴파일하는 중)
  
C:\Program Files (x86)\Windows Kits\10\Include\10.0.22621.0\um\GdiplusBitmap.h(50,17): error C2065: 'stream': 선언되지 않은 식별자입니다.
  (소스 파일 'YSGE.cpp'을(를) 컴파일하는 중)
  
C:\Program Files (x86)\Windows Kits\10\Include\10.0.22621.0\um\GdiplusBitmap.h(51,8): error C2275: 'BOOL': 형식 대신 식이 필요합니다.
  (소스 파일 'YSGE.cpp'을(를) 컴파일하는 중)
  
C:\Program Files (x86)\Windows Kits\10\Include\10.0.22621.0\um\GdiplusBitmap.h(51,8): error C1003: 오류 수가 100개를 초과했습니다. 컴파일을 중지합니다.
  (소스 파일 'YSGE.cpp'을(를) 컴파일하는 중)
  
  코드를 생성하고 있습니다...
